<?xml version="1.0" encoding="UTF-8" ?>
<testsuite errors="0" failures="0" hostname="NSDT-003" name="com.novamsc.training.hibernate.dao.CustomerDAOTest" skipped="0" tests="1" time="1.314" timestamp="2019-06-25T03:46:46">
  <properties>
    <property name="default.javac.source" value="1.4" />
    <property name="file.encoding.pkg" value="sun.io" />
    <property name="libraries.1.dir.nativedirsep" value="C:\Users\TRAINEE\Desktop\Hibernate\Exercise (Hibernate)_Trainee\lib" />
    <property name="javac.source" value="1.5" />
    <property name="java.home" value="C:\Program Files\Java\jdk1.8.0_212\jre" />
    <property name="test.src.dir" value="test" />
    <property name="javadoc.version" value="false" />
    <property name="java.endorsed.dirs" value="C:\Program Files\Java\jdk1.8.0_212\jre\lib\endorsed" />
    <property name="src.dir" value="src" />
    <property name="debug-args-line" value="-Xdebug" />
    <property name="build.sysclasspath" value="ignore" />
    <property name="have.sources" value="true" />
    <property name="includes" value="**" />
    <property name="source.encoding" value="UTF-8" />
    <property name="sun.os.patch.level" value="" />
    <property name="java.vendor.url" value="http://java.oracle.com/" />
    <property name="java.version" value="1.8.0_212" />
    <property name="eclipse.pdebuild.home" value="C:\Users\TRAINEE\Desktop\eclipse\plugins\org.eclipse.pde.build_3.9.300.v20170515-0912\." />
    <property name="ant.file.Exercise_Day_4" value="C:\Users\TRAINEE\Desktop\Hibernate\Exercise (Hibernate)_Trainee\build.xml" />
    <property name="javac.debug" value="true" />
    <property name="run.classpath" value="C:/Users/TRAINEE/Desktop/Hibernate/Exercise (Hibernate)_Trainee/lib/spring-framework/commons-logging-1.1.jar;C:/Users/TRAINEE/Desktop/Hibernate/Exercise (Hibernate)_Trainee/lib/spring-framework/spring-2.5.jar:C:/Users/TRAINEE/Desktop/Hibernate/Exercise (Hibernate)_Trainee/lib/hibernate-support/antlr-2.7.6.jar;C:/Users/TRAINEE/Desktop/Hibernate/Exercise (Hibernate)_Trainee/lib/hibernate-support/asm.jar;C:/Users/TRAINEE/Desktop/Hibernate/Exercise (Hibernate)_Trainee/lib/hibernate-support/asm-attrs.jar;C:/Users/TRAINEE/Desktop/Hibernate/Exercise (Hibernate)_Trainee/lib/hibernate-support/cglib-2.1.3.jar;C:/Users/TRAINEE/Desktop/Hibernate/Exercise (Hibernate)_Trainee/lib/hibernate-support/commons-collections-2.1.1.jar;C:/Users/TRAINEE/Desktop/Hibernate/Exercise (Hibernate)_Trainee/lib/hibernate-support/commons-logging-1.0.4.jar;C:/Users/TRAINEE/Desktop/Hibernate/Exercise (Hibernate)_Trainee/lib/hibernate-support/dom4j-1.6.1.jar;C:/Users/TRAINEE/Desktop/Hibernate/Exercise (Hibernate)_Trainee/lib/hibernate-support/ehcache-1.2.3.jar;C:/Users/TRAINEE/Desktop/Hibernate/Exercise (Hibernate)_Trainee/lib/hibernate-support/jdbc2_0-stdext.jar;C:/Users/TRAINEE/Desktop/Hibernate/Exercise (Hibernate)_Trainee/lib/hibernate-support/jta.jar;C:/Users/TRAINEE/Desktop/Hibernate/Exercise (Hibernate)_Trainee/lib/hibernate-support/hibernate3.jar:lib/pavo-core-4.0-SNAPSHOT.jar:lib/c3p0-0.9.1.2.jar:lib/derbyclient.jar:build/classes" />
    <property name="java.vendor.url.bug" value="http://bugreport.sun.com/bugreport/" />
    <property name="ant.project.invoked-targets" value="default" />
    <property name="file.reference.pavo-core-4.0-SNAPSHOT.jar" value="lib/pavo-core-4.0-SNAPSHOT.jar" />
    <property name="manifest.file" value="manifest.mf" />
    <property name="user.name" value="TRAINEE" />
    <property name="sun.io.unicode.encoding" value="UnicodeLittle" />
    <property name="sun.jnu.encoding" value="Cp1252" />
    <property name="java.runtime.name" value="Java(TM) SE Runtime Environment" />
    <property name="application.vendor" value="yewfai.chan" />
    <property name="java.specification.name" value="Java Platform API Specification" />
    <property name="javadoc.author" value="false" />
    <property name="user.timezone" value="" />
    <property name="manifest.available" value="true" />
    <property name="ant.file.type.Exercise_Day_4-impl" value="file" />
    <property name="user.script" value="" />
    <property name="path.separator" value=";" />
    <property name="version-output" value="java version &quot;1.8" />
    <property name="file.encoding" value="Cp1252" />
    <property name="dist.javadoc.dir" value="dist/javadoc" />
    <property name="ant.project.default-target" value="default" />
    <property name="sun.java.command" value="org.apache.tools.ant.taskdefs.optional.junit.JUnitTestRunner com.novamsc.training.hibernate.dao.CustomerDAOTest skipNonTests=false filtertrace=true haltOnError=false haltOnFailure=false showoutput=true outputtoformatters=true logfailedtests=true threadid=0 logtestlistenerevents=false formatter=org.apache.tools.ant.taskdefs.optional.junit.BriefJUnitResultFormatter formatter=org.apache.tools.ant.taskdefs.optional.junit.XMLJUnitResultFormatter,C:\Users\TRAINEE\Desktop\Hibernate\Exercise (Hibernate)_Trainee\build\test\results\TEST-com.novamsc.training.hibernate.dao.CustomerDAOTest.xml crashfile=C:\Users\TRAINEE\Desktop\Hibernate\Exercise (Hibernate)_Trainee\junitvmwatcher250921215799824698.properties propsfile=C:\Users\TRAINEE\Desktop\Hibernate\Exercise (Hibernate)_Trainee\junit7648232843197149049.properties" />
    <property name="ant.file" value="C:\Users\TRAINEE\Desktop\Hibernate\Exercise (Hibernate)_Trainee\build.xml" />
    <property name="do.jar" value="true" />
    <property name="java.io.tmpdir" value="C:\Users\TRAINEE\AppData\Local\Temp\" />
    <property name="build.test.results.dir" value="build/test/results" />
    <property name="user.language" value="en" />
    <property name="line.separator" value="&#xd;&#xa;" />
    <property name="javac.compilerargs" value="" />
    <property name="config" value="TestDI" />
    <property name="file.reference.derbyclient.jar" value="lib/derbyclient.jar" />
    <property name="jar.compress" value="false" />
    <property name="javac.compilerargs.jaxws" value="" />
    <property name="java.vm.info" value="mixed mode" />
    <property name="javadoc.private" value="false" />
    <property name="sun.desktop" value="windows" />
    <property name="java.vm.specification.name" value="Java Virtual Machine Specification" />
    <property name="build.test.classes.dir" value="build/test/classes" />
    <property name="jaxws.endorsed.dir" value="C:\Program Files\NetBeans 6.1\java2\modules\ext\jaxws21\api" />
    <property name="manifest.available+main.class" value="true" />
    <property name="platform.active" value="default_platform" />
    <property name="libraries.1.path" value="C:\Users\TRAINEE\Desktop\Hibernate\Exercise (Hibernate)_Trainee\lib\nblibraries.properties" />
    <property name="eclipse.pdebuild.templates" value="C:\Users\TRAINEE\Desktop\eclipse\plugins\org.eclipse.pde.build_3.9.300.v20170515-0912\templates" />
    <property name="javadoc.encoding" value="UTF-8" />
    <property name="java.awt.printerjob" value="sun.awt.windows.WPrinterJob" />
    <property name="dist.jar" value="dist/Exercise_Day_4.jar" />
    <property name="meta.inf.dir" value="src/META-INF" />
    <property name="ant.version" value="Apache Ant(TM) version 1.10.1 compiled on February 2 2017" />
    <property name="javadoc.nonavbar" value="false" />
    <property name="user.properties.file" value="C:\Documents and Settings\yewfai.chan\.netbeans\6.1\build.properties" />
    <property name="build.generated.dir" value="build/generated" />
    <property name="os.name" value="Windows 10" />
    <property name="java.specification.vendor" value="Oracle Corporation" />
    <property name="run.test.classpath" value="C:/Users/TRAINEE/Desktop/Hibernate/Exercise (Hibernate)_Trainee/lib/spring-framework/commons-logging-1.1.jar;C:/Users/TRAINEE/Desktop/Hibernate/Exercise (Hibernate)_Trainee/lib/spring-framework/spring-2.5.jar:C:/Users/TRAINEE/Desktop/Hibernate/Exercise (Hibernate)_Trainee/lib/hibernate-support/antlr-2.7.6.jar;C:/Users/TRAINEE/Desktop/Hibernate/Exercise (Hibernate)_Trainee/lib/hibernate-support/asm.jar;C:/Users/TRAINEE/Desktop/Hibernate/Exercise (Hibernate)_Trainee/lib/hibernate-support/asm-attrs.jar;C:/Users/TRAINEE/Desktop/Hibernate/Exercise (Hibernate)_Trainee/lib/hibernate-support/cglib-2.1.3.jar;C:/Users/TRAINEE/Desktop/Hibernate/Exercise (Hibernate)_Trainee/lib/hibernate-support/commons-collections-2.1.1.jar;C:/Users/TRAINEE/Desktop/Hibernate/Exercise (Hibernate)_Trainee/lib/hibernate-support/commons-logging-1.0.4.jar;C:/Users/TRAINEE/Desktop/Hibernate/Exercise (Hibernate)_Trainee/lib/hibernate-support/dom4j-1.6.1.jar;C:/Users/TRAINEE/Desktop/Hibernate/Exercise (Hibernate)_Trainee/lib/hibernate-support/ehcache-1.2.3.jar;C:/Users/TRAINEE/Desktop/Hibernate/Exercise (Hibernate)_Trainee/lib/hibernate-support/jdbc2_0-stdext.jar;C:/Users/TRAINEE/Desktop/Hibernate/Exercise (Hibernate)_Trainee/lib/hibernate-support/jta.jar;C:/Users/TRAINEE/Desktop/Hibernate/Exercise (Hibernate)_Trainee/lib/hibernate-support/hibernate3.jar:lib/pavo-core-4.0-SNAPSHOT.jar:lib/c3p0-0.9.1.2.jar:lib/derbyclient.jar:build/classes:C:/Users/TRAINEE/Desktop/Hibernate/Exercise (Hibernate)_Trainee/lib/junit_4/junit-4.1.jar:build/test/classes" />
    <property name="java.vm.name" value="Java HotSpot(TM) 64-Bit Server VM" />
    <property name="java.library.path" value="C:\Program Files\Java\jdk1.8.0_212\jre\bin;C:\Windows\Sun\Java\bin;C:\Windows\system32;C:\Windows;C:/Program Files/Java/jre1.8.0_212/bin/server;C:/Program Files/Java/jre1.8.0_212/bin;C:/Program Files/Java/jre1.8.0_212/lib/amd64;C:\Program Files (x86)\Common Files\Oracle\Java\javapath;C:\Windows\system32;C:\Windows;C:\Windows\System32\Wbem;C:\Windows\System32\WindowsPowerShell\v1.0\;C:\Windows\System32\OpenSSH\;&quot;%DERBY_INSTALL%\lib\derby.jar;%DERBY_INSTALL%\lib\derbytools.jar;&quot;;C:\Users\TRAINEE\AppData\Local\Microsoft\WindowsApps;;C:\Users\TRAINEE\Desktop\eclipse;;." />
    <property name="eclipse.pdebuild.scripts" value="C:\Users\TRAINEE\Desktop\eclipse\plugins\org.eclipse.pde.build_3.9.300.v20170515-0912\scripts" />
    <property name="ant.java.version" value="1.8" />
    <property name="basedir" value="C:\Users\TRAINEE\Desktop\Hibernate\Exercise (Hibernate)_Trainee" />
    <property name="javadoc.noindex" value="false" />
    <property name="java.class.version" value="52.0" />
    <property name="javac.test.classpath" value="C:/Users/TRAINEE/Desktop/Hibernate/Exercise (Hibernate)_Trainee/lib/spring-framework/commons-logging-1.1.jar;C:/Users/TRAINEE/Desktop/Hibernate/Exercise (Hibernate)_Trainee/lib/spring-framework/spring-2.5.jar:C:/Users/TRAINEE/Desktop/Hibernate/Exercise (Hibernate)_Trainee/lib/hibernate-support/antlr-2.7.6.jar;C:/Users/TRAINEE/Desktop/Hibernate/Exercise (Hibernate)_Trainee/lib/hibernate-support/asm.jar;C:/Users/TRAINEE/Desktop/Hibernate/Exercise (Hibernate)_Trainee/lib/hibernate-support/asm-attrs.jar;C:/Users/TRAINEE/Desktop/Hibernate/Exercise (Hibernate)_Trainee/lib/hibernate-support/cglib-2.1.3.jar;C:/Users/TRAINEE/Desktop/Hibernate/Exercise (Hibernate)_Trainee/lib/hibernate-support/commons-collections-2.1.1.jar;C:/Users/TRAINEE/Desktop/Hibernate/Exercise (Hibernate)_Trainee/lib/hibernate-support/commons-logging-1.0.4.jar;C:/Users/TRAINEE/Desktop/Hibernate/Exercise (Hibernate)_Trainee/lib/hibernate-support/dom4j-1.6.1.jar;C:/Users/TRAINEE/Desktop/Hibernate/Exercise (Hibernate)_Trainee/lib/hibernate-support/ehcache-1.2.3.jar;C:/Users/TRAINEE/Desktop/Hibernate/Exercise (Hibernate)_Trainee/lib/hibernate-support/jdbc2_0-stdext.jar;C:/Users/TRAINEE/Desktop/Hibernate/Exercise (Hibernate)_Trainee/lib/hibernate-support/jta.jar;C:/Users/TRAINEE/Desktop/Hibernate/Exercise (Hibernate)_Trainee/lib/hibernate-support/hibernate3.jar:lib/pavo-core-4.0-SNAPSHOT.jar:lib/c3p0-0.9.1.2.jar:lib/derbyclient.jar:build/classes:C:/Users/TRAINEE/Desktop/Hibernate/Exercise (Hibernate)_Trainee/lib/junit_4/junit-4.1.jar" />
    <property name="ant.home" value="C:\Users\TRAINEE\Desktop\eclipse\plugins\org.apache.ant_1.10.1.v20170504-0840" />
    <property name="javadoc.splitindex" value="true" />
    <property name="libraries.1.basename" value="nblibraries" />
    <property name="javadoc.preview" value="true" />
    <property name="libs.junit_4.classpath" value="C:/Users/TRAINEE/Desktop/Hibernate/Exercise (Hibernate)_Trainee/lib/junit_4/junit-4.1.jar" />
    <property name="sun.boot.library.path" value="C:\Program Files\Java\jdk1.8.0_212\jre\bin" />
    <property name="build.dir" value="build" />
    <property name="application.title" value="Exercise Day 4" />
    <property name="sun.management.compiler" value="HotSpot 64-Bit Tiered Compilers" />
    <property name="java.awt.graphicsenv" value="sun.awt.Win32GraphicsEnvironment" />
    <property name="user.variant" value="" />
    <property name="javadoc.encoding.used" value="UTF-8" />
    <property name="javadoc.windowtitle" value="" />
    <property name="run.jvmargs" value="" />
    <property name="ant.project.name" value="Exercise_Day_4" />
    <property name="libs.spring-framework.classpath" value="C:/Users/TRAINEE/Desktop/Hibernate/Exercise (Hibernate)_Trainee/lib/spring-framework/commons-logging-1.1.jar;C:/Users/TRAINEE/Desktop/Hibernate/Exercise (Hibernate)_Trainee/lib/spring-framework/spring-2.5.jar" />
    <property name="java.vm.specification.version" value="1.8" />
    <property name="libraries.1.dir" value="C:/Users/TRAINEE/Desktop/Hibernate/Exercise (Hibernate)_Trainee/lib" />
    <property name="work.dir" value="C:\Users\TRAINEE\Desktop\Hibernate\Exercise (Hibernate)_Trainee" />
    <property name="awt.toolkit" value="sun.awt.windows.WToolkit" />
    <property name="file.reference.c3p0-0.9.1.2.jar" value="lib/c3p0-0.9.1.2.jar" />
    <property name="javadoc.use" value="true" />
    <property name="sun.cpu.isalist" value="amd64" />
    <property name="java.ext.dirs" value="C:\Program Files\Java\jdk1.8.0_212\jre\lib\ext;C:\Windows\Sun\Java\lib\ext" />
    <property name="os.version" value="10.0" />
    <property name="excludes" value="" />
    <property name="user.home" value="C:\Users\TRAINEE" />
    <property name="java.vm.vendor" value="Oracle Corporation" />
    <property name="user.dir" value="C:\Users\TRAINEE\Desktop\Hibernate\Exercise (Hibernate)_Trainee" />
    <property name="application.args" value="" />
    <property name="sun.cpu.endian" value="little" />
    <property name="libs.hibernate-support.classpath" value="C:/Users/TRAINEE/Desktop/Hibernate/Exercise (Hibernate)_Trainee/lib/hibernate-support/antlr-2.7.6.jar;C:/Users/TRAINEE/Desktop/Hibernate/Exercise (Hibernate)_Trainee/lib/hibernate-support/asm.jar;C:/Users/TRAINEE/Desktop/Hibernate/Exercise (Hibernate)_Trainee/lib/hibernate-support/asm-attrs.jar;C:/Users/TRAINEE/Desktop/Hibernate/Exercise (Hibernate)_Trainee/lib/hibernate-support/cglib-2.1.3.jar;C:/Users/TRAINEE/Desktop/Hibernate/Exercise (Hibernate)_Trainee/lib/hibernate-support/commons-collections-2.1.1.jar;C:/Users/TRAINEE/Desktop/Hibernate/Exercise (Hibernate)_Trainee/lib/hibernate-support/commons-logging-1.0.4.jar;C:/Users/TRAINEE/Desktop/Hibernate/Exercise (Hibernate)_Trainee/lib/hibernate-support/dom4j-1.6.1.jar;C:/Users/TRAINEE/Desktop/Hibernate/Exercise (Hibernate)_Trainee/lib/hibernate-support/ehcache-1.2.3.jar;C:/Users/TRAINEE/Desktop/Hibernate/Exercise (Hibernate)_Trainee/lib/hibernate-support/jdbc2_0-stdext.jar;C:/Users/TRAINEE/Desktop/Hibernate/Exercise (Hibernate)_Trainee/lib/hibernate-support/jta.jar;C:/Users/TRAINEE/Desktop/Hibernate/Exercise (Hibernate)_Trainee/lib/hibernate-support/hibernate3.jar" />
    <property name="java.vm.version" value="25.212-b10" />
    <property name="java.class.path" value="C:\Users\TRAINEE\Desktop\Hibernate\Exercise (Hibernate)_Trainee\lib\spring-framework\commons-logging-1.1.jar;C:\Users\TRAINEE\Desktop\Hibernate\Exercise (Hibernate)_Trainee\lib\spring-framework\spring-2.5.jar;C:\Users\TRAINEE\Desktop\Hibernate\Exercise (Hibernate)_Trainee\lib\hibernate-support\antlr-2.7.6.jar;C:\Users\TRAINEE\Desktop\Hibernate\Exercise (Hibernate)_Trainee\lib\hibernate-support\asm.jar;C:\Users\TRAINEE\Desktop\Hibernate\Exercise (Hibernate)_Trainee\lib\hibernate-support\asm-attrs.jar;C:\Users\TRAINEE\Desktop\Hibernate\Exercise (Hibernate)_Trainee\lib\hibernate-support\cglib-2.1.3.jar;C:\Users\TRAINEE\Desktop\Hibernate\Exercise (Hibernate)_Trainee\lib\hibernate-support\commons-collections-2.1.1.jar;C:\Users\TRAINEE\Desktop\Hibernate\Exercise (Hibernate)_Trainee\lib\hibernate-support\commons-logging-1.0.4.jar;C:\Users\TRAINEE\Desktop\Hibernate\Exercise (Hibernate)_Trainee\lib\hibernate-support\dom4j-1.6.1.jar;C:\Users\TRAINEE\Desktop\Hibernate\Exercise (Hibernate)_Trainee\lib\hibernate-support\ehcache-1.2.3.jar;C:\Users\TRAINEE\Desktop\Hibernate\Exercise (Hibernate)_Trainee\lib\hibernate-support\jdbc2_0-stdext.jar;C:\Users\TRAINEE\Desktop\Hibernate\Exercise (Hibernate)_Trainee\lib\hibernate-support\jta.jar;C:\Users\TRAINEE\Desktop\Hibernate\Exercise (Hibernate)_Trainee\lib\hibernate-support\hibernate3.jar;C:\Users\TRAINEE\Desktop\Hibernate\Exercise (Hibernate)_Trainee\lib\pavo-core-4.0-SNAPSHOT.jar;C:\Users\TRAINEE\Desktop\Hibernate\Exercise (Hibernate)_Trainee\lib\c3p0-0.9.1.2.jar;C:\Users\TRAINEE\Desktop\Hibernate\Exercise (Hibernate)_Trainee\lib\derbyclient.jar;C:\Users\TRAINEE\Desktop\Hibernate\Exercise (Hibernate)_Trainee\build\classes;C:\Users\TRAINEE\Desktop\Hibernate\Exercise (Hibernate)_Trainee\lib\junit_4\junit-4.1.jar;C:\Users\TRAINEE\Desktop\Hibernate\Exercise (Hibernate)_Trainee\build\test\classes;C:\Users\TRAINEE\Desktop\eclipse\plugins\org.apache.ant_1.10.1.v20170504-0840\lib\ant-launcher.jar;C:\Users\TRAINEE\Desktop\eclipse\plugins\org.apache.ant_1.10.1.v20170504-0840\lib\ant.jar;C:\Users\TRAINEE\Desktop\eclipse\plugins\org.apache.ant_1.10.1.v20170504-0840\lib\ant-junit.jar;C:\Users\TRAINEE\Desktop\eclipse\plugins\org.apache.ant_1.10.1.v20170504-0840\lib\ant-junit4.jar" />
    <property name="ant.library.dir" value="C:\Users\TRAINEE\Desktop\eclipse\plugins\org.apache.ant_1.10.1.v20170504-0840\lib" />
    <property name="os.arch" value="amd64" />
    <property name="javac.deprecation" value="false" />
    <property name="build.classes.excludes" value="**/*.java,**/*.form" />
    <property name="dist.dir" value="dist" />
    <property name="debug.classpath" value="C:/Users/TRAINEE/Desktop/Hibernate/Exercise (Hibernate)_Trainee/lib/spring-framework/commons-logging-1.1.jar;C:/Users/TRAINEE/Desktop/Hibernate/Exercise (Hibernate)_Trainee/lib/spring-framework/spring-2.5.jar:C:/Users/TRAINEE/Desktop/Hibernate/Exercise (Hibernate)_Trainee/lib/hibernate-support/antlr-2.7.6.jar;C:/Users/TRAINEE/Desktop/Hibernate/Exercise (Hibernate)_Trainee/lib/hibernate-support/asm.jar;C:/Users/TRAINEE/Desktop/Hibernate/Exercise (Hibernate)_Trainee/lib/hibernate-support/asm-attrs.jar;C:/Users/TRAINEE/Desktop/Hibernate/Exercise (Hibernate)_Trainee/lib/hibernate-support/cglib-2.1.3.jar;C:/Users/TRAINEE/Desktop/Hibernate/Exercise (Hibernate)_Trainee/lib/hibernate-support/commons-collections-2.1.1.jar;C:/Users/TRAINEE/Desktop/Hibernate/Exercise (Hibernate)_Trainee/lib/hibernate-support/commons-logging-1.0.4.jar;C:/Users/TRAINEE/Desktop/Hibernate/Exercise (Hibernate)_Trainee/lib/hibernate-support/dom4j-1.6.1.jar;C:/Users/TRAINEE/Desktop/Hibernate/Exercise (Hibernate)_Trainee/lib/hibernate-support/ehcache-1.2.3.jar;C:/Users/TRAINEE/Desktop/Hibernate/Exercise (Hibernate)_Trainee/lib/hibernate-support/jdbc2_0-stdext.jar;C:/Users/TRAINEE/Desktop/Hibernate/Exercise (Hibernate)_Trainee/lib/hibernate-support/jta.jar;C:/Users/TRAINEE/Desktop/Hibernate/Exercise (Hibernate)_Trainee/lib/hibernate-support/hibernate3.jar:lib/pavo-core-4.0-SNAPSHOT.jar:lib/c3p0-0.9.1.2.jar:lib/derbyclient.jar:build/classes" />
    <property name="sun.java.launcher" value="SUN_STANDARD" />
    <property name="ant.core.lib" value="C:\Users\TRAINEE\Desktop\eclipse\plugins\org.apache.ant_1.10.1.v20170504-0840\lib\ant.jar" />
    <property name="java.vm.specification.vendor" value="Oracle Corporation" />
    <property name="do.depend" value="false" />
    <property name="file.separator" value="\" />
    <property name="java.runtime.version" value="1.8.0_212-b10" />
    <property name="debug.test.classpath" value="C:/Users/TRAINEE/Desktop/Hibernate/Exercise (Hibernate)_Trainee/lib/spring-framework/commons-logging-1.1.jar;C:/Users/TRAINEE/Desktop/Hibernate/Exercise (Hibernate)_Trainee/lib/spring-framework/spring-2.5.jar:C:/Users/TRAINEE/Desktop/Hibernate/Exercise (Hibernate)_Trainee/lib/hibernate-support/antlr-2.7.6.jar;C:/Users/TRAINEE/Desktop/Hibernate/Exercise (Hibernate)_Trainee/lib/hibernate-support/asm.jar;C:/Users/TRAINEE/Desktop/Hibernate/Exercise (Hibernate)_Trainee/lib/hibernate-support/asm-attrs.jar;C:/Users/TRAINEE/Desktop/Hibernate/Exercise (Hibernate)_Trainee/lib/hibernate-support/cglib-2.1.3.jar;C:/Users/TRAINEE/Desktop/Hibernate/Exercise (Hibernate)_Trainee/lib/hibernate-support/commons-collections-2.1.1.jar;C:/Users/TRAINEE/Desktop/Hibernate/Exercise (Hibernate)_Trainee/lib/hibernate-support/commons-logging-1.0.4.jar;C:/Users/TRAINEE/Desktop/Hibernate/Exercise (Hibernate)_Trainee/lib/hibernate-support/dom4j-1.6.1.jar;C:/Users/TRAINEE/Desktop/Hibernate/Exercise (Hibernate)_Trainee/lib/hibernate-support/ehcache-1.2.3.jar;C:/Users/TRAINEE/Desktop/Hibernate/Exercise (Hibernate)_Trainee/lib/hibernate-support/jdbc2_0-stdext.jar;C:/Users/TRAINEE/Desktop/Hibernate/Exercise (Hibernate)_Trainee/lib/hibernate-support/jta.jar;C:/Users/TRAINEE/Desktop/Hibernate/Exercise (Hibernate)_Trainee/lib/hibernate-support/hibernate3.jar:lib/pavo-core-4.0-SNAPSHOT.jar:lib/c3p0-0.9.1.2.jar:lib/derbyclient.jar:build/classes:C:/Users/TRAINEE/Desktop/Hibernate/Exercise (Hibernate)_Trainee/lib/junit_4/junit-4.1.jar:build/test/classes" />
    <property name="sun.boot.class.path" value="C:\Program Files\Java\jdk1.8.0_212\jre\lib\resources.jar;C:\Program Files\Java\jdk1.8.0_212\jre\lib\rt.jar;C:\Program Files\Java\jdk1.8.0_212\jre\lib\sunrsasign.jar;C:\Program Files\Java\jdk1.8.0_212\jre\lib\jsse.jar;C:\Program Files\Java\jdk1.8.0_212\jre\lib\jce.jar;C:\Program Files\Java\jdk1.8.0_212\jre\lib\charsets.jar;C:\Program Files\Java\jdk1.8.0_212\jre\lib\jfr.jar;C:\Program Files\Java\jdk1.8.0_212\jre\classes" />
    <property name="main.class" value="com.novamsc.training.TestDI" />
    <property name="have.tests" value="true" />
    <property name="ant.file.Exercise_Day_4-impl" value="C:\Users\TRAINEE\Desktop\Hibernate\Exercise (Hibernate)_Trainee\nbproject\build-impl.xml" />
    <property name="user.country" value="US" />
    <property name="javadoc.notree" value="false" />
    <property name="javac.classpath" value="C:/Users/TRAINEE/Desktop/Hibernate/Exercise (Hibernate)_Trainee/lib/spring-framework/commons-logging-1.1.jar;C:/Users/TRAINEE/Desktop/Hibernate/Exercise (Hibernate)_Trainee/lib/spring-framework/spring-2.5.jar:C:/Users/TRAINEE/Desktop/Hibernate/Exercise (Hibernate)_Trainee/lib/hibernate-support/antlr-2.7.6.jar;C:/Users/TRAINEE/Desktop/Hibernate/Exercise (Hibernate)_Trainee/lib/hibernate-support/asm.jar;C:/Users/TRAINEE/Desktop/Hibernate/Exercise (Hibernate)_Trainee/lib/hibernate-support/asm-attrs.jar;C:/Users/TRAINEE/Desktop/Hibernate/Exercise (Hibernate)_Trainee/lib/hibernate-support/cglib-2.1.3.jar;C:/Users/TRAINEE/Desktop/Hibernate/Exercise (Hibernate)_Trainee/lib/hibernate-support/commons-collections-2.1.1.jar;C:/Users/TRAINEE/Desktop/Hibernate/Exercise (Hibernate)_Trainee/lib/hibernate-support/commons-logging-1.0.4.jar;C:/Users/TRAINEE/Desktop/Hibernate/Exercise (Hibernate)_Trainee/lib/hibernate-support/dom4j-1.6.1.jar;C:/Users/TRAINEE/Desktop/Hibernate/Exercise (Hibernate)_Trainee/lib/hibernate-support/ehcache-1.2.3.jar;C:/Users/TRAINEE/Desktop/Hibernate/Exercise (Hibernate)_Trainee/lib/hibernate-support/jdbc2_0-stdext.jar;C:/Users/TRAINEE/Desktop/Hibernate/Exercise (Hibernate)_Trainee/lib/hibernate-support/jta.jar;C:/Users/TRAINEE/Desktop/Hibernate/Exercise (Hibernate)_Trainee/lib/hibernate-support/hibernate3.jar:lib/pavo-core-4.0-SNAPSHOT.jar:lib/c3p0-0.9.1.2.jar:lib/derbyclient.jar" />
    <property name="javadoc.additionalparam" value="" />
    <property name="default.javac.target" value="1.4" />
    <property name="build.classes.dir" value="build/classes" />
    <property name="javac.target" value="1.5" />
    <property name="java.vendor" value="Oracle Corporation" />
    <property name="ant.file.type.Exercise_Day_4" value="file" />
    <property name="java.specification.version" value="1.8" />
    <property name="sun.arch.data.model" value="64" />
  </properties>
  <testcase classname="com.novamsc.training.hibernate.dao.CustomerDAOTest" name="testGet" time="0.0" />
  <system-out><![CDATA[setUp called!!!!!!!
]]></system-out>
  <system-err><![CDATA[Jun 24, 2019 8:46:47 PM org.springframework.beans.factory.xml.XmlBeanDefinitionReader loadBeanDefinitions
INFO: Loading XML bean definitions from URL [file:/C:/Users/TRAINEE/Desktop/Hibernate/Exercise%20(Hibernate)_Trainee/build/test/classes/applicationContext-resources.xml]
Jun 24, 2019 8:46:47 PM org.springframework.beans.factory.xml.XmlBeanDefinitionReader loadBeanDefinitions
INFO: Loading XML bean definitions from URL [file:/C:/Users/TRAINEE/Desktop/Hibernate/Exercise%20(Hibernate)_Trainee/build/test/classes/applicationContext-dao.xml]
Jun 24, 2019 8:46:47 PM org.springframework.context.support.AbstractApplicationContext prepareRefresh
INFO: Refreshing org.springframework.context.support.GenericApplicationContext@182decdb: display name [org.springframework.context.support.GenericApplicationContext@182decdb]; startup date [Mon Jun 24 20:46:47 PDT 2019]; root of context hierarchy
Jun 24, 2019 8:46:47 PM org.springframework.context.support.AbstractApplicationContext obtainFreshBeanFactory
INFO: Bean factory for application context [org.springframework.context.support.GenericApplicationContext@182decdb]: org.springframework.beans.factory.support.DefaultListableBeanFactory@6e3c1e69
Jun 24, 2019 8:46:47 PM org.springframework.core.io.support.PropertiesLoaderSupport loadProperties
INFO: Loading properties file from class path resource [jdbc.properties]
Jun 24, 2019 8:46:47 PM org.springframework.beans.factory.support.DefaultListableBeanFactory preInstantiateSingletons
INFO: Pre-instantiating singletons in org.springframework.beans.factory.support.DefaultListableBeanFactory@6e3c1e69: defining beans [propertyConfigurer,dataSource,sessionFactory,transactionManager,customerDAO,accountDAO,loanAccountDAO,guarantorDAO]; root of factory hierarchy
Jun 24, 2019 8:46:47 PM com.mchange.v2.log.MLog <clinit>
INFO: MLog clients using java 1.4+ standard logging.
Jun 24, 2019 8:46:47 PM com.mchange.v2.c3p0.C3P0Registry banner
INFO: Initializing c3p0-0.9.1.2 [built 21-May-2007 15:04:56; debug? true; trace: 10]
Jun 24, 2019 8:46:47 PM org.hibernate.cfg.Environment <clinit>
INFO: Hibernate 3.2.5
Jun 24, 2019 8:46:47 PM org.hibernate.cfg.Environment <clinit>
INFO: hibernate.properties not found
Jun 24, 2019 8:46:47 PM org.hibernate.cfg.Environment buildBytecodeProvider
INFO: Bytecode provider name : cglib
Jun 24, 2019 8:46:47 PM org.hibernate.cfg.Environment <clinit>
INFO: using JDK 1.4 java.sql.Timestamp handling
Jun 24, 2019 8:46:47 PM org.hibernate.cfg.Configuration addFile
INFO: Reading mappings from file: C:\Users\TRAINEE\Desktop\Hibernate\Exercise (Hibernate)_Trainee\build\classes\com\novamsc\training\hibernate\model\Account.hbm.xml
Jun 24, 2019 8:46:47 PM org.hibernate.cfg.HbmBinder bindRootPersistentClassCommonValues
INFO: Mapping class: com.novamsc.training.hibernate.model.Account -> ACCOUNT 
Jun 24, 2019 8:46:47 PM org.hibernate.cfg.Configuration addFile
INFO: Reading mappings from file: C:\Users\TRAINEE\Desktop\Hibernate\Exercise (Hibernate)_Trainee\build\classes\com\novamsc\training\hibernate\model\Customer.hbm.xml
Jun 24, 2019 8:46:47 PM org.hibernate.cfg.HbmBinder bindRootPersistentClassCommonValues
INFO: Mapping class: com.novamsc.training.hibernate.model.Customer -> CUSTOMER
Jun 24, 2019 8:46:47 PM org.hibernate.cfg.Configuration addFile
INFO: Reading mappings from file: C:\Users\TRAINEE\Desktop\Hibernate\Exercise (Hibernate)_Trainee\build\classes\com\novamsc\training\hibernate\model\Guarantor.hbm.xml
Jun 24, 2019 8:46:47 PM org.hibernate.cfg.HbmBinder bindRootPersistentClassCommonValues
INFO: Mapping class: com.novamsc.training.hibernate.model.Guarantor -> GUARANTOR
Jun 24, 2019 8:46:47 PM org.hibernate.cfg.Configuration addFile
INFO: Reading mappings from file: C:\Users\TRAINEE\Desktop\Hibernate\Exercise (Hibernate)_Trainee\build\classes\com\novamsc\training\hibernate\model\LoanAccount.hbm.xml
Jun 24, 2019 8:46:47 PM org.hibernate.cfg.HbmBinder bindRootPersistentClassCommonValues
INFO: Mapping class: com.novamsc.training.hibernate.model.LoanAccount -> LOANACCOUNT
Jun 24, 2019 8:46:47 PM org.springframework.orm.hibernate3.LocalSessionFactoryBean buildSessionFactory
INFO: Building new Hibernate SessionFactory
Jun 24, 2019 8:46:47 PM org.hibernate.cfg.HbmBinder bindCollectionSecondPass
INFO: Mapping collection: com.novamsc.training.hibernate.model.Customer.accounts -> ACCOUNT 
Jun 24, 2019 8:46:47 PM org.hibernate.cfg.HbmBinder bindCollectionSecondPass
INFO: Mapping collection: com.novamsc.training.hibernate.model.Guarantor.loanAccounts -> LOANACCOUNT
Jun 24, 2019 8:46:47 PM org.hibernate.connection.ConnectionProviderFactory newConnectionProvider
INFO: Initializing connection provider: org.springframework.orm.hibernate3.LocalDataSourceConnectionProvider
Jun 24, 2019 8:46:47 PM com.mchange.v2.c3p0.impl.AbstractPoolBackedDataSource getPoolManager
INFO: Initializing c3p0 pool... com.mchange.v2.c3p0.ComboPooledDataSource [ acquireIncrement -> 3, acquireRetryAttempts -> 30, acquireRetryDelay -> 1000, autoCommitOnClose -> false, automaticTestTable -> null, breakAfterAcquireFailure -> false, checkoutTimeout -> 0, connectionCustomizerClassName -> null, connectionTesterClassName -> com.mchange.v2.c3p0.impl.DefaultConnectionTester, dataSourceName -> 2rvxzba3131ueg8c82uf0|59fa1d9b, debugUnreturnedConnectionStackTraces -> false, description -> null, driverClass -> org.apache.derby.jdbc.ClientDriver, factoryClassLocation -> null, forceIgnoreUnresolvedTransactions -> false, identityToken -> 2rvxzba3131ueg8c82uf0|59fa1d9b, idleConnectionTestPeriod -> 300, initialPoolSize -> 3, jdbcUrl -> jdbc:derby://localhost:1527/training, maxAdministrativeTaskTime -> 0, maxConnectionAge -> 0, maxIdleTime -> 600, maxIdleTimeExcessConnections -> 0, maxPoolSize -> 15, maxStatements -> 0, maxStatementsPerConnection -> 0, minPoolSize -> 3, numHelperThreads -> 3, numThreadsAwaitingCheckoutDefaultUser -> 0, preferredTestQuery -> SELECT * FROM PV_ROLE, properties -> {user=******, password=******}, propertyCycle -> 0, testConnectionOnCheckin -> false, testConnectionOnCheckout -> false, unreturnedConnectionTimeout -> 0, usesTraditionalReflectiveProxies -> false ]
Jun 24, 2019 8:46:47 PM org.hibernate.cfg.SettingsFactory buildSettings
INFO: RDBMS: Apache Derby, version: 10.12.1.1 - (1704137)
Jun 24, 2019 8:46:47 PM org.hibernate.cfg.SettingsFactory buildSettings
INFO: JDBC driver: Apache Derby Network Client JDBC Driver, version: 10.10.2.0 - (1582446)
Jun 24, 2019 8:46:47 PM org.hibernate.dialect.Dialect <init>
INFO: Using dialect: org.hibernate.dialect.DerbyDialect
Jun 24, 2019 8:46:47 PM org.hibernate.transaction.TransactionFactoryFactory buildTransactionFactory
INFO: Using default transaction strategy (direct JDBC transactions)
Jun 24, 2019 8:46:47 PM org.hibernate.transaction.TransactionManagerLookupFactory getTransactionManagerLookup
INFO: No TransactionManagerLookup configured (in JTA environment, use of read-write or transactional second-level cache is not recommended)
Jun 24, 2019 8:46:47 PM org.hibernate.cfg.SettingsFactory buildSettings
INFO: Automatic flush during beforeCompletion(): disabled
Jun 24, 2019 8:46:47 PM org.hibernate.cfg.SettingsFactory buildSettings
INFO: Automatic session close at end of transaction: disabled
Jun 24, 2019 8:46:47 PM org.hibernate.cfg.SettingsFactory buildSettings
INFO: Scrollable result sets: enabled
Jun 24, 2019 8:46:48 PM org.hibernate.cfg.SettingsFactory buildSettings
INFO: JDBC3 getGeneratedKeys(): disabled
Jun 24, 2019 8:46:48 PM org.hibernate.cfg.SettingsFactory buildSettings
INFO: Connection release mode: on_close
Jun 24, 2019 8:46:48 PM org.hibernate.cfg.SettingsFactory buildSettings
INFO: Default batch fetch size: 4
Jun 24, 2019 8:46:48 PM org.hibernate.cfg.SettingsFactory buildSettings
INFO: Generate SQL with comments: disabled
Jun 24, 2019 8:46:48 PM org.hibernate.cfg.SettingsFactory buildSettings
INFO: Order SQL updates by primary key: disabled
Jun 24, 2019 8:46:48 PM org.hibernate.cfg.SettingsFactory buildSettings
INFO: Order SQL inserts for batching: disabled
Jun 24, 2019 8:46:48 PM org.hibernate.cfg.SettingsFactory createQueryTranslatorFactory
INFO: Query translator: org.hibernate.hql.ast.ASTQueryTranslatorFactory
Jun 24, 2019 8:46:48 PM org.hibernate.hql.ast.ASTQueryTranslatorFactory <init>
INFO: Using ASTQueryTranslatorFactory
Jun 24, 2019 8:46:48 PM org.hibernate.cfg.SettingsFactory buildSettings
INFO: Query language substitutions: {}
Jun 24, 2019 8:46:48 PM org.hibernate.cfg.SettingsFactory buildSettings
INFO: JPA-QL strict compliance: disabled
Jun 24, 2019 8:46:48 PM org.hibernate.cfg.SettingsFactory buildSettings
INFO: Second-level cache: enabled
Jun 24, 2019 8:46:48 PM org.hibernate.cfg.SettingsFactory buildSettings
INFO: Query cache: disabled
Jun 24, 2019 8:46:48 PM org.hibernate.cfg.SettingsFactory createCacheProvider
INFO: Cache provider: org.hibernate.cache.NoCacheProvider
Jun 24, 2019 8:46:48 PM org.hibernate.cfg.SettingsFactory buildSettings
INFO: Optimize cache for minimal puts: disabled
Jun 24, 2019 8:46:48 PM org.hibernate.cfg.SettingsFactory buildSettings
INFO: Structured second-level cache entries: disabled
Jun 24, 2019 8:46:48 PM org.hibernate.cfg.SettingsFactory buildSettings
INFO: Echoing all SQL to stdout
Jun 24, 2019 8:46:48 PM org.hibernate.cfg.SettingsFactory buildSettings
INFO: Statistics: disabled
Jun 24, 2019 8:46:48 PM org.hibernate.cfg.SettingsFactory buildSettings
INFO: Deleted entity synthetic identifier rollback: disabled
Jun 24, 2019 8:46:48 PM org.hibernate.cfg.SettingsFactory buildSettings
INFO: Default entity-mode: pojo
Jun 24, 2019 8:46:48 PM org.hibernate.cfg.SettingsFactory buildSettings
INFO: Named query checking : enabled
Jun 24, 2019 8:46:48 PM org.hibernate.impl.SessionFactoryImpl <init>
INFO: building session factory
Jun 24, 2019 8:46:48 PM org.hibernate.impl.SessionFactoryObjectFactory addInstance
INFO: Not binding factory to JNDI, no JNDI name configured
Jun 24, 2019 8:46:48 PM org.springframework.orm.hibernate3.HibernateTransactionManager afterPropertiesSet
INFO: Using DataSource [com.mchange.v2.c3p0.ComboPooledDataSource [ acquireIncrement -> 3, acquireRetryAttempts -> 30, acquireRetryDelay -> 1000, autoCommitOnClose -> false, automaticTestTable -> null, breakAfterAcquireFailure -> false, checkoutTimeout -> 0, connectionCustomizerClassName -> null, connectionTesterClassName -> com.mchange.v2.c3p0.impl.DefaultConnectionTester, dataSourceName -> 2rvxzba3131ueg8c82uf0|59fa1d9b, debugUnreturnedConnectionStackTraces -> false, description -> null, driverClass -> org.apache.derby.jdbc.ClientDriver, factoryClassLocation -> null, forceIgnoreUnresolvedTransactions -> false, identityToken -> 2rvxzba3131ueg8c82uf0|59fa1d9b, idleConnectionTestPeriod -> 300, initialPoolSize -> 3, jdbcUrl -> jdbc:derby://localhost:1527/training, maxAdministrativeTaskTime -> 0, maxConnectionAge -> 0, maxIdleTime -> 600, maxIdleTimeExcessConnections -> 0, maxPoolSize -> 15, maxStatements -> 0, maxStatementsPerConnection -> 0, minPoolSize -> 3, numHelperThreads -> 3, numThreadsAwaitingCheckoutDefaultUser -> 0, preferredTestQuery -> SELECT * FROM PV_ROLE, properties -> {user=******, password=******}, propertyCycle -> 0, testConnectionOnCheckin -> false, testConnectionOnCheckout -> false, unreturnedConnectionTimeout -> 0, usesTraditionalReflectiveProxies -> false ]] of Hibernate SessionFactory for HibernateTransactionManager
]]></system-err>
</testsuite>
